<?xml version="1.0" encoding="UTF-8"?>
<testsuite name="org.example.TrainScheduleTest" tests="1" skipped="0" failures="0" errors="0" timestamp="2023-12-28T17:12:12" hostname="localhost.localdomain" time="0.039">
  <properties/>
  <testcase name="addTrain()" classname="org.example.TrainScheduleTest" time="0.039"/>
  <system-out><![CDATA[]]></system-out>
  <system-err><![CDATA[]]></system-err>
</testsuite>
